#
# There is insufficient memory for the Java Runtime Environment to continue.
# Native memory allocation (mmap) failed to map 257949696 bytes. Error detail: G1 virtual space
# Possible reasons:
#   The system is out of physical RAM or swap space
#   This process is running with CompressedOops enabled, and the Java Heap may be blocking the growth of the native heap
# Possible solutions:
#   Reduce memory load on the system
#   Increase physical memory or swap space
#   Check if swap backing store is full
#   Decrease Java heap size (-Xmx/-Xms)
#   Decrease number of Java threads
#   Decrease Java thread stack sizes (-Xss)
#   Set larger code cache with -XX:ReservedCodeCacheSize=
#   JVM is running with Zero Based Compressed Oops mode in which the Java heap is
#     placed in the first 32GB address space. The Java Heap base address is the
#     maximum limit for the native heap growth. Please use -XX:HeapBaseMinAddress
#     to set the Java Heap base and to place the Java Heap above 32GB virtual address.
# This output file may be truncated or incomplete.
#
#  Out of Memory Error (os_windows.cpp:3631), pid=18532, tid=14324
#
# JRE version:  (22.0.1+8) (build )
# Java VM: Java HotSpot(TM) 64-Bit Server VM (22.0.1+8-16, mixed mode, sharing, tiered, compressed oops, compressed class ptrs, g1 gc, windows-amd64)
# No core dump will be written. Minidumps are not enabled by default on client versions of Windows
#

---------------  S U M M A R Y ------------

Command Line: -Dfile.encoding=UTF-8 --module-path=C:\Users\Phuc\Documents\NetBeansProjects\App\QuanLyNhanSu\build\classes Main

Host: AMD Ryzen 7 5800H with Radeon Graphics         , 16 cores, 15G,  Windows 11 , 64 bit Build 22621 (10.0.22621.3527)
Time: Thu Jun 13 03:12:55 2024 SE Asia Standard Time elapsed time: 0.014510 seconds (0d 0h 0m 0s)

---------------  T H R E A D  ---------------

Current thread (0x00000276c76bf380):  JavaThread "Unknown thread" [_thread_in_vm, id=14324, stack(0x000000af88400000,0x000000af88500000) (1024K)]

Stack: [0x000000af88400000,0x000000af88500000]
Native frames: (J=compiled Java code, j=interpreted, Vv=VM code, C=native code)
V  [jvm.dll+0x6e2279]  (no source info available)
V  [jvm.dll+0x874e33]  (no source info available)
V  [jvm.dll+0x87725e]  (no source info available)
V  [jvm.dll+0x877933]  (no source info available)
V  [jvm.dll+0x27fd76]  (no source info available)
V  [jvm.dll+0x6de915]  (no source info available)
V  [jvm.dll+0x6d341a]  (no source info available)
V  [jvm.dll+0x3589da]  (no source info available)
V  [jvm.dll+0x360f06]  (no source info available)
V  [jvm.dll+0x3b3e2e]  (no source info available)
V  [jvm.dll+0x3b40d8]  (no source info available)
V  [jvm.dll+0x32c59c]  (no source info available)
V  [jvm.dll+0x32d158]  (no source info available)
V  [jvm.dll+0x83ccdc]  (no source info available)
V  [jvm.dll+0x3c0d71]  (no source info available)
V  [jvm.dll+0x825ccc]  (no source info available)
V  [jvm.dll+0x45b8fe]  (no source info available)
V  [jvm.dll+0x45d781]  (no source info available)
C  [jli.dll+0x52a3]  (no source info available)
C  [ucrtbase.dll+0x29333]  (no source info available)
C  [KERNEL32.DLL+0x1257d]  (no source info available)
C  [ntdll.dll+0x5aa48]  (no source info available)


---------------  P R O C E S S  ---------------

Threads class SMR info:
_java_thread_list=0x00007ff9e9aeb1c8, length=0, elements={
}

Java Threads: ( => current thread )
Total: 0

Other Threads:
  0x00000276c993fb40 WorkerThread "GC Thread#0"                     [id=19352, stack(0x000000af88500000,0x000000af88600000) (1024K)]
  0x00000276c9952520 ConcurrentGCThread "G1 Main Marker"            [id=10624, stack(0x000000af88600000,0x000000af88700000) (1024K)]
  0x00000276c99531e0 WorkerThread "G1 Conc#0"                       [id=18456, stack(0x000000af88700000,0x000000af88800000) (1024K)]

[error occurred during error reporting (printing all threads), id 0xc0000005, EXCEPTION_ACCESS_VIOLATION (0xc0000005) at pc=0x00007ff9e923f367]
VM state: not at safepoint (not fully initialized)

VM Mutex/Monitor currently owned by a thread:  ([mutex/lock_event])
[0x00007ff9e9b6bcb8] Heap_lock - owner thread: 0x00000276c76bf380

Heap address: 0x000000070a200000, size: 3934 MB, Compressed Oops mode: Zero based, Oop shift amount: 3

CDS archive(s) mapped at: [0x0000000000000000-0x0000000000000000-0x0000000000000000), size 0, SharedBaseAddress: 0x0000000800000000, ArchiveRelocationMode: 1.
Narrow klass base: 0x0000000000000000, Narrow klass shift: 0, Narrow klass range: 0x0

GC Precious Log:
 CardTable entry size: 512
 Card Set container configuration: InlinePtr #cards 4 size 8 Array Of Cards #cards 16 size 48 Howl #buckets 8 coarsen threshold 3686 Howl Bitmap #cards 512 size 80 coarsen threshold 460 Card regions per heap region 1 cards per card region 4096

Heap:
 garbage-first heap   total reserved 4028416K, committed 0K, used 0K [0x000000070a200000, 0x0000000800000000)
  region size 2048K, 0 young (0K), 0 survivors (0K)

[error occurred during error reporting (printing heap information), id 0xc0000005, EXCEPTION_ACCESS_VIOLATION (0xc0000005) at pc=0x00007ff9e963e429]
GC Heap History (0 events):
No events

Dll operation events (1 events):
Event: 0.009 Loaded shared library C:\Program Files\Java\jdk-22\bin\java.dll

Deoptimization events (0 events):
No events

Classes loaded (0 events):
No events

Classes unloaded (0 events):
No events

Classes redefined (0 events):
No events

Internal exceptions (0 events):
No events

ZGC Phase Switch (0 events):
No events

VM Operations (0 events):
No events

Events (0 events):
No events


Dynamic libraries:
0x00007ff68dd40000 - 0x00007ff68dd50000 	C:\Program Files\Java\jdk-22\bin\java.exe
0x00007ffa6e0b0000 - 0x00007ffa6e2c7000 	C:\Windows\SYSTEM32\ntdll.dll
0x00007ffa6d370000 - 0x00007ffa6d434000 	C:\Windows\System32\KERNEL32.DLL
0x00007ffa6ba30000 - 0x00007ffa6bdd7000 	C:\Windows\System32\KERNELBASE.dll
0x00007ffa6b470000 - 0x00007ffa6b581000 	C:\Windows\System32\ucrtbase.dll
0x00007ffa64640000 - 0x00007ffa6465b000 	C:\Program Files\Java\jdk-22\bin\VCRUNTIME140.dll
0x00007ffa4a390000 - 0x00007ffa4a3a7000 	C:\Program Files\Java\jdk-22\bin\jli.dll
0x00007ffa6cf90000 - 0x00007ffa6d042000 	C:\Windows\System32\ADVAPI32.dll
0x00007ffa6cad0000 - 0x00007ffa6cb77000 	C:\Windows\System32\msvcrt.dll
0x00007ffa6d050000 - 0x00007ffa6d0f8000 	C:\Windows\System32\sechost.dll
0x00007ffa6ba00000 - 0x00007ffa6ba28000 	C:\Windows\System32\bcrypt.dll
0x00007ffa6d900000 - 0x00007ffa6da15000 	C:\Windows\System32\RPCRT4.dll
0x00007ffa6dec0000 - 0x00007ffa6e06e000 	C:\Windows\System32\USER32.dll
0x00007ffa580b0000 - 0x00007ffa58343000 	C:\Windows\WinSxS\amd64_microsoft.windows.common-controls_6595b64144ccf1df_6.0.22621.3527_none_270e469b73872a76\COMCTL32.dll
0x00007ffa6b440000 - 0x00007ffa6b466000 	C:\Windows\System32\win32u.dll
0x00007ffa6c860000 - 0x00007ffa6c889000 	C:\Windows\System32\GDI32.dll
0x00007ffa6b780000 - 0x00007ffa6b899000 	C:\Windows\System32\gdi32full.dll
0x00007ffa6b8a0000 - 0x00007ffa6b93a000 	C:\Windows\System32\msvcp_win.dll
0x00007ffa5ff20000 - 0x00007ffa5ff2a000 	C:\Windows\SYSTEM32\VERSION.dll
0x00007ffa6d440000 - 0x00007ffa6d471000 	C:\Windows\System32\IMM32.DLL
0x00007ffa66190000 - 0x00007ffa6619c000 	C:\Program Files\Java\jdk-22\bin\vcruntime140_1.dll
0x00007ffa09e80000 - 0x00007ffa09f0e000 	C:\Program Files\Java\jdk-22\bin\msvcp140.dll
0x00007ff9e8f00000 - 0x00007ff9e9c47000 	C:\Program Files\Java\jdk-22\bin\server\jvm.dll
0x00007ffa6cf10000 - 0x00007ffa6cf81000 	C:\Windows\System32\WS2_32.dll
0x00007ffa6ab40000 - 0x00007ffa6ab8d000 	C:\Windows\SYSTEM32\POWRPROF.dll
0x00007ffa689f0000 - 0x00007ffa68a24000 	C:\Windows\SYSTEM32\WINMM.dll
0x00007ffa6ab20000 - 0x00007ffa6ab33000 	C:\Windows\SYSTEM32\UMPDC.dll
0x00007ffa6a3b0000 - 0x00007ffa6a3c8000 	C:\Windows\SYSTEM32\kernel.appcore.dll
0x00007ffa61be0000 - 0x00007ffa61bea000 	C:\Program Files\Java\jdk-22\bin\jimage.dll
0x00007ffa68550000 - 0x00007ffa68782000 	C:\Windows\SYSTEM32\DBGHELP.DLL
0x00007ffa6cb80000 - 0x00007ffa6cf08000 	C:\Windows\System32\combase.dll
0x00007ffa6c780000 - 0x00007ffa6c857000 	C:\Windows\System32\OLEAUT32.dll
0x00007ffa689b0000 - 0x00007ffa689e2000 	C:\Windows\SYSTEM32\dbgcore.DLL
0x00007ffa6b700000 - 0x00007ffa6b779000 	C:\Windows\System32\bcryptPrimitives.dll
0x00007ffa61bf0000 - 0x00007ffa61c0e000 	C:\Program Files\Java\jdk-22\bin\java.dll
0x00007ffa6bf20000 - 0x00007ffa6c77c000 	C:\Windows\System32\SHELL32.dll
0x00007ffa6d100000 - 0x00007ffa6d2a5000 	C:\Windows\System32\ole32.dll

dbghelp: loaded successfully - version: 4.0.5 - missing functions: none
symbol engine: initialized successfully - sym options: 0x614 - pdb path: .;C:\Program Files\Java\jdk-22\bin;C:\Windows\SYSTEM32;C:\Windows\WinSxS\amd64_microsoft.windows.common-controls_6595b64144ccf1df_6.0.22621.3527_none_270e469b73872a76;C:\Program Files\Java\jdk-22\bin\server

VM Arguments:
jvm_args: -Dfile.encoding=UTF-8 --module-path=C:\Users\Phuc\Documents\NetBeansProjects\App\QuanLyNhanSu\build\classes 
java_command: Main
java_class_path (initial): C:\Program Files\NetBeans-21\netbeans\java\modules\ext\AbsoluteLayout.jar;C:\Users\Phuc\Downloads\TimingFramework-0.55.jar;C:\Users\Phuc\Documents\NetBeansProjects\App\QuanLyNhanSu\libs\TimingFramework-0.55.jar;C:\Users\Phuc\Documents\NetBeansProjects\App\QuanLyNhanSu\libs\ojdbc11.jar;C:\Users\Phuc\Documents\NetBeansProjects\App\QuanLyNhanSu\libs\flatlaf-3.4.1.jar;C:\Users\Phuc\Documents\NetBeansProjects\App\QuanLyNhanSu\libs\jcalendar-1.4.jar;C:\Users\Phuc\Documents\NetBeansProjects\App\QuanLyNhanSu\libs\junit-4.6.jar;C:\Users\Phuc\Documents\NetBeansProjects\App\QuanLyNhanSu\libs\jgoodies-looks-2.4.1.jar;C:\Users\Phuc\Documents\NetBeansProjects\App\QuanLyNhanSu\libs\jgoodies-common-1.2.0.jar;C:\Users\Phuc\Documents\NetBeansProjects\App\QuanLyNhanSu\libs\poi-5.2.5.jar;C:\Users\Phuc\Documents\NetBeansProjects\App\QuanLyNhanSu\libs\poi-ooxml-5.2.5.jar;C:\Users\Phuc\Documents\NetBeansProjects\App\QuanLyNhanSu\libs\commons-collections4-4.4.jar;C:\Users\Phuc\Documents\NetBeansProjects\App\QuanLyNhanSu\build\classes
Launcher Type: SUN_STANDARD

[Global flags]
     intx CICompilerCount                          = 12                                        {product} {ergonomic}
     uint ConcGCThreads                            = 3                                         {product} {ergonomic}
     uint G1ConcRefinementThreads                  = 13                                        {product} {ergonomic}
   size_t G1HeapRegionSize                         = 2097152                                   {product} {ergonomic}
   size_t InitialHeapSize                          = 257949696                                 {product} {ergonomic}
   size_t MarkStackSize                            = 4194304                                   {product} {ergonomic}
   size_t MaxHeapSize                              = 4125097984                                {product} {ergonomic}
   size_t MinHeapDeltaBytes                        = 2097152                                   {product} {ergonomic}
   size_t MinHeapSize                              = 8388608                                   {product} {ergonomic}
    uintx NonNMethodCodeHeapSize                   = 7602480                                {pd product} {ergonomic}
    uintx NonProfiledCodeHeapSize                  = 122027880                              {pd product} {ergonomic}
    uintx ProfiledCodeHeapSize                     = 122027880                              {pd product} {ergonomic}
    uintx ReservedCodeCacheSize                    = 251658240                              {pd product} {ergonomic}
     bool SegmentedCodeCache                       = true                                      {product} {ergonomic}
   size_t SoftMaxHeapSize                          = 4125097984                             {manageable} {ergonomic}
     bool UseCompressedOops                        = true                           {product lp64_product} {ergonomic}
     bool UseG1GC                                  = true                                      {product} {ergonomic}
     bool UseLargePagesIndividualAllocation        = false                                  {pd product} {ergonomic}

Logging:
Log output configuration:
 #0: stdout all=warning uptime,level,tags foldmultilines=false
 #1: stderr all=off uptime,level,tags foldmultilines=false

Environment Variables:
PATH=C:\Program Files\Common Files\Oracle\Java\javapath;D:\oracle\bin;C:\Users\Phuc\Desktop\WINDOWS.X64_193000_db_home\bin;C:\Program Files\Microsoft MPI\Bin\;C:\Program Files (x86)\Common Files\Oracle\Java\javapath;C:\Windows\system32;C:\Windows;C:\Windows\System32\Wbem;C:\Windows\System32\WindowsPowerShell\v1.0\;C:\Windows\System32\OpenSSH\;C:\Program Files\dotnet\;C:\ProgramData\chocolatey\bin;C:\Program Files\Git\cmd;C:\sqlite;C:\Program Files (x86)\Microsoft SQL Server\160\DTS\Binn\;C:\Program Files\Azure Data Studio\bin;C:\Program Files (x86)\Microsoft SQL Server\160\Tools\Binn\;C:\Program Files\Microsoft SQL Server\160\Tools\Binn\;C:\Program Files\Microsoft SQL Server\Client SDK\ODBC\170\Tools\Binn\;C:\Program Files\Microsoft SQL Server\160\DTS\Binn\;C:\Program Files\Calibre2\;C:\Program Files\Cloudflare\Cloudflare WARP\;C:\composer;C:\Program Files\nodejs\;C:\Users\Phuc\AppData\Local\Programs\Python\Launcher\;C:\Users\Phuc\AppData\Local\Microsoft\WindowsApps;C:\Users\Phuc\AppData\Local\Programs\Microsoft VS Code\bin;C:\Program Files\JetBrains\IntelliJ IDEA 2023.2.1\bin;;C:\Program Files\JetBrains\PyCharm 2023.3.2\bin;;D:\CLion 2023.3.3\bin;;C:\Program Files\JetBrains\WebStorm 2023.3.4\bin;;C:\Program Files\Azure Data Studio\bin;C:\Program Files\JetBrains\PhpStorm 2024.1\bin;;C:\xampp\php;C:\Users\Phuc\composer;C:\Users\Phuc\AppData\Roaming\Composer\vendor\bin;C:\xampp\mysql\bin;C:\Users\Phuc\AppData\Roaming\npm;C:\Program Files\heroku\bin
USERNAME=Phuc
OS=Windows_NT
PROCESSOR_IDENTIFIER=AMD64 Family 25 Model 80 Stepping 0, AuthenticAMD
TMP=C:\Users\Phuc\AppData\Local\Temp
TEMP=C:\Users\Phuc\AppData\Local\Temp




Periodic native trim disabled

---------------  S Y S T E M  ---------------

OS:
 Windows 11 , 64 bit Build 22621 (10.0.22621.3527)
OS uptime: 0 days 4:16 hours
Hyper-V role detected

CPU: total 16 (initial active 16) (16 cores per cpu, 2 threads per core) family 25 model 80 stepping 0 microcode 0x0, cx8, cmov, fxsr, ht, mmx, 3dnowpref, sse, sse2, sse3, ssse3, sse4a, sse4.1, sse4.2, popcnt, lzcnt, tsc, tscinvbit, avx, avx2, aes, erms, clmul, bmi1, bmi2, adx, sha, fma, vzeroupper, clflush, clflushopt, hv, rdtscp, rdpid, fsrm, f16c, cet_ss
Processor Information for all 16 processors :
  Max Mhz: 3201, Current Mhz: 3201, Mhz Limit: 3201

Memory: 4k page, system-wide physical 15734M (1246M free)
TotalPageFile size 15734M (AvailPageFile size 181M)
current process WorkingSet (physical memory assigned to process): 12M, peak: 12M
current process commit charge ("private bytes"): 71M, peak: 317M

vm_info: Java HotSpot(TM) 64-Bit Server VM (22.0.1+8-16) for windows-amd64 JRE (22.0.1+8-16), built on 2024-03-12T10:33:16Z by "mach5one" with MS VC++ 17.6 (VS2022)

END.
